# JRE version: OpenJDK Runtime Environment (8.0_242-b01) (build 1.8.0_242-release-1644-b01)
# Java VM: OpenJDK 64-Bit Server VM (25.242-b01 mixed mode windows-amd64 compressed oops)
Heap:
 PSYoungGen      total 273408K, used 54161K [0x00000000d5580000, 0x00000000f2b00000, 0x0000000100000000)
  eden space 257536K, 21% used [0x00000000d5580000,0x00000000d8a646e8,0x00000000e5100000)
  from space 15872K, 0% used [0x00000000e5100000,0x00000000e5100000,0x00000000e6080000)
  to   space 15360K, 0% used [0x00000000f1c00000,0x00000000f1c00000,0x00000000f2b00000)
 ParOldGen       total 74240K, used 15735K [0x0000000080000000, 0x0000000084880000, 0x00000000d5580000)
  object space 74240K, 21% used [0x0000000080000000,0x0000000080f5dea8,0x0000000084880000)
 Metaspace       used 36011K, capacity 37340K, committed 37544K, reserved 1081344K
  class space    used 4963K, capacity 5267K, committed 5296K, reserved 1048576K
GC Heap History (10 events):
Event: 2.281 GC heap before
{Heap before GC invocations=5 (full 0):
 PSYoungGen      total 136192K, used 8451K [0x00000000d5580000, 0x00000000ddf80000, 0x0000000100000000)
  eden space 131072K, 2% used [0x00000000d5580000,0x00000000d58c5850,0x00000000dd580000)
  from space 5120K, 99% used [0x00000000dda80000,0x00000000ddf7b630,0x00000000ddf80000)
  to   space 5120K, 0% used [0x00000000dd580000,0x00000000dd580000,0x00000000dda80000)
 ParOldGen       total 86016K, used 11507K [0x0000000080000000, 0x0000000085400000, 0x00000000d5580000)
  object space 86016K, 13% used [0x0000000080000000,0x0000000080b3ce18,0x0000000085400000)
 Metaspace       used 20567K, capacity 21240K, committed 21296K, reserved 1067008K
  class space    used 2876K, capacity 3088K, committed 3120K, reserved 1048576K
Event: 2.285 GC heap after
Heap after GC invocations=5 (full 0):
 PSYoungGen      total 136192K, used 5117K [0x00000000d5580000, 0x00000000e7080000, 0x0000000100000000)
  eden space 131072K, 0% used [0x00000000d5580000,0x00000000d5580000,0x00000000dd580000)
  from space 5120K, 99% used [0x00000000dd580000,0x00000000dda7f620,0x00000000dda80000)
  to   space 13824K, 0% used [0x00000000e6300000,0x00000000e6300000,0x00000000e7080000)
 ParOldGen       total 86016K, used 11683K [0x0000000080000000, 0x0000000085400000, 0x00000000d5580000)
  object space 86016K, 13% used [0x0000000080000000,0x0000000080b68fb8,0x0000000085400000)
 Metaspace       used 20567K, capacity 21240K, committed 21296K, reserved 1067008K
  class space    used 2876K, capacity 3088K, committed 3120K, reserved 1048576K
}
Event: 2.285 GC heap before
{Heap before GC invocations=6 (full 1):
 PSYoungGen      total 136192K, used 5117K [0x00000000d5580000, 0x00000000e7080000, 0x0000000100000000)
  eden space 131072K, 0% used [0x00000000d5580000,0x00000000d5580000,0x00000000dd580000)
  from space 5120K, 99% used [0x00000000dd580000,0x00000000dda7f620,0x00000000dda80000)
  to   space 13824K, 0% used [0x00000000e6300000,0x00000000e6300000,0x00000000e7080000)
 ParOldGen       total 86016K, used 11683K [0x0000000080000000, 0x0000000085400000, 0x00000000d5580000)
  object space 86016K, 13% used [0x0000000080000000,0x0000000080b68fb8,0x0000000085400000)
 Metaspace       used 20567K, capacity 21240K, committed 21296K, reserved 1067008K
  class space    used 2876K, capacity 3088K, committed 3120K, reserved 1048576K
Event: 2.307 GC heap after
Heap after GC invocations=6 (full 1):
 PSYoungGen      total 136192K, used 0K [0x00000000d5580000, 0x00000000e7080000, 0x0000000100000000)
  eden space 131072K, 0% used [0x00000000d5580000,0x00000000d5580000,0x00000000dd580000)
  from space 5120K, 0% used [0x00000000dd580000,0x00000000dd580000,0x00000000dda80000)
  to   space 13824K, 0% used [0x00000000e6300000,0x00000000e6300000,0x00000000e7080000)
 ParOldGen       total 52224K, used 7281K [0x0000000080000000, 0x0000000083300000, 0x00000000d5580000)
  object space 52224K, 13% used [0x0000000080000000,0x000000008071c718,0x0000000083300000)
 Metaspace       used 20567K, capacity 21240K, committed 21296K, reserved 1067008K
  class space    used 2876K, capacity 3088K, committed 3120K, reserved 1048576K
}
Event: 3.268 GC heap before
{Heap before GC invocations=7 (full 1):
 PSYoungGen      total 136192K, used 131072K [0x00000000d5580000, 0x00000000e7080000, 0x0000000100000000)
  eden space 131072K, 100% used [0x00000000d5580000,0x00000000dd580000,0x00000000dd580000)
  from space 5120K, 0% used [0x00000000dd580000,0x00000000dd580000,0x00000000dda80000)
  to   space 13824K, 0% used [0x00000000e6300000,0x00000000e6300000,0x00000000e7080000)
 ParOldGen       total 52224K, used 7281K [0x0000000080000000, 0x0000000083300000, 0x00000000d5580000)
  object space 52224K, 13% used [0x0000000080000000,0x000000008071c718,0x0000000083300000)
 Metaspace       used 32027K, capacity 32804K, committed 33072K, reserved 1077248K
  class space    used 4362K, capacity 4613K, committed 4656K, reserved 1048576K
Event: 3.279 GC heap after
Heap after GC invocations=7 (full 1):
 PSYoungGen      total 257536K, used 13299K [0x00000000d5580000, 0x00000000e7000000, 0x0000000100000000)
  eden space 244224K, 0% used [0x00000000d5580000,0x00000000d5580000,0x00000000e4400000)
  from space 13312K, 99% used [0x00000000e6300000,0x00000000e6ffcdc8,0x00000000e7000000)
  to   space 15872K, 0% used [0x00000000e5100000,0x00000000e5100000,0x00000000e6080000)
 ParOldGen       total 52224K, used 7289K [0x0000000080000000, 0x0000000083300000, 0x00000000d5580000)
  object space 52224K, 13% used [0x0000000080000000,0x000000008071e718,0x0000000083300000)
 Metaspace       used 32027K, capacity 32804K, committed 33072K, reserved 1077248K
  class space    used 4362K, capacity 4613K, committed 4656K, reserved 1048576K
}
Event: 3.596 GC heap before
{Heap before GC invocations=8 (full 1):
 PSYoungGen      total 257536K, used 65306K [0x00000000d5580000, 0x00000000e7000000, 0x0000000100000000)
  eden space 244224K, 21% used [0x00000000d5580000,0x00000000d8849ba8,0x00000000e4400000)
  from space 13312K, 99% used [0x00000000e6300000,0x00000000e6ffcdc8,0x00000000e7000000)
  to   space 15872K, 0% used [0x00000000e5100000,0x00000000e5100000,0x00000000e6080000)
 ParOldGen       total 52224K, used 7289K [0x0000000080000000, 0x0000000083300000, 0x00000000d5580000)
  object space 52224K, 13% used [0x0000000080000000,0x000000008071e718,0x0000000083300000)
 Metaspace       used 34552K, capacity 35410K, committed 35496K, reserved 1079296K
  class space    used 4737K, capacity 4974K, committed 5040K, reserved 1048576K
Event: 3.606 GC heap after
Heap after GC invocations=8 (full 1):
 PSYoungGen      total 273408K, used 8941K [0x00000000d5580000, 0x00000000f2b00000, 0x0000000100000000)
  eden space 257536K, 0% used [0x00000000d5580000,0x00000000d5580000,0x00000000e5100000)
  from space 15872K, 56% used [0x00000000e5100000,0x00000000e59bb7f8,0x00000000e6080000)
  to   space 15360K, 0% used [0x00000000f1c00000,0x00000000f1c00000,0x00000000f2b00000)
 ParOldGen       total 52224K, used 7297K [0x0000000080000000, 0x0000000083300000, 0x00000000d5580000)
  object space 52224K, 13% used [0x0000000080000000,0x0000000080720718,0x0000000083300000)
 Metaspace       used 34552K, capacity 35410K, committed 35496K, reserved 1079296K
  class space    used 4737K, capacity 4974K, committed 5040K, reserved 1048576K
}
Event: 3.606 GC heap before
{Heap before GC invocations=9 (full 2):
 PSYoungGen      total 273408K, used 8941K [0x00000000d5580000, 0x00000000f2b00000, 0x0000000100000000)
  eden space 257536K, 0% used [0x00000000d5580000,0x00000000d5580000,0x00000000e5100000)
  from space 15872K, 56% used [0x00000000e5100000,0x00000000e59bb7f8,0x00000000e6080000)
  to   space 15360K, 0% used [0x00000000f1c00000,0x00000000f1c00000,0x00000000f2b00000)
 ParOldGen       total 52224K, used 7297K [0x0000000080000000, 0x0000000083300000, 0x00000000d5580000)
  object space 52224K, 13% used [0x0000000080000000,0x0000000080720718,0x0000000083300000)
 Metaspace       used 34552K, capacity 35410K, committed 35496K, reserved 1079296K
  class space    used 4737K, capacity 4974K, committed 5040K, reserved 1048576K
Event: 3.675 GC heap after
Heap after GC invocations=9 (full 2):
 PSYoungGen      total 273408K, used 0K [0x00000000d5580000, 0x00000000f2b00000, 0x0000000100000000)
  eden space 257536K, 0% used [0x00000000d5580000,0x00000000d5580000,0x00000000e5100000)
  from space 15872K, 0% used [0x00000000e5100000,0x00000000e5100000,0x00000000e6080000)
  to   space 15360K, 0% used [0x00000000f1c00000,0x00000000f1c00000,0x00000000f2b00000)
 ParOldGen       total 74240K, used 15735K [0x0000000080000000, 0x0000000084880000, 0x00000000d5580000)
  object space 74240K, 21% used [0x0000000080000000,0x0000000080f5dea8,0x0000000084880000)
 Metaspace       used 34552K, capacity 35410K, committed 35496K, reserved 1079296K
  class space    used 4737K, capacity 4974K, committed 5040K, reserved 1048576K
}

